<?xml version="1.0" encoding="UTF-8"?>
<testng-results skipped="0" failed="0" total="1" passed="1">
  <reporter-output>
  </reporter-output>
  <suite name="Suite" duration-ms="78361" started-at="2017-04-02T05:16:08Z" finished-at="2017-04-02T05:17:27Z">
    <groups>
    </groups>
    <test name="Test" duration-ms="78361" started-at="2017-04-02T05:16:08Z" finished-at="2017-04-02T05:17:27Z">
      <class name="one.NewTest">
        <test-method status="PASS" signature="beforetest1()[pri:0, instance:one.NewTest@51efea79]" name="beforetest1" is-config="true" duration-ms="52289" started-at="2017-04-02T10:46:08Z" finished-at="2017-04-02T10:47:01Z">
          <reporter-output>
          </reporter-output>
        </test-method> <!-- beforetest1 -->
        <test-method status="PASS" signature="tes()[pri:0, instance:one.NewTest@51efea79]" name="tes" duration-ms="15092" started-at="2017-04-02T10:47:01Z" finished-at="2017-04-02T10:47:16Z">
          <reporter-output>
          </reporter-output>
        </test-method> <!-- tes -->
        <test-method status="PASS" signature="after()[pri:0, instance:one.NewTest@51efea79]" name="after" is-config="true" duration-ms="10951" started-at="2017-04-02T10:47:16Z" finished-at="2017-04-02T10:47:27Z">
          <reporter-output>
          </reporter-output>
        </test-method> <!-- after -->
      </class> <!-- one.NewTest -->
    </test> <!-- Test -->
  </suite> <!-- Suite -->
</testng-results>
